.channel.UserMessage object at 0x358bf7fd0>], '__tracker__': <rasa.shared.core.trackers.DialogueStateTracker object at 0x34a9ebcd0>}, targets: ['run_RegexMessageHandler'] and ExecutionContext(model_id='73fc9d5b222b48519b2225a5f0ed9255', should_add_diagnostic_data=False, is_finetuning=False, node_name=None).
2025-05-18 19:14:07 DEBUG    rasa.engine.graph  - Node 'nlu_message_converter' running 'NLUMessageConverter.convert_user_message'.
2025-05-18 19:14:07 DEBUG    rasa.engine.graph  - Node 'run_WhitespaceTokenizer0' running 'WhitespaceTokenizer.process'.
2025-05-18 19:14:07 DEBUG    rasa.engine.graph  - Node 'run_RegexFeaturizer1' running 'RegexFeaturizer.process'.
2025-05-18 19:14:07 DEBUG    rasa.engine.graph  - Node 'run_LexicalSyntacticFeaturizer2' running 'LexicalSyntacticFeaturizer.process'.
2025-05-18 19:14:07 DEBUG    rasa.engine.graph  - Node 'run_CountVectorsFeaturizer3' running 'CountVectorsFeaturizer.process'.
2025-05-18 19:14:07 DEBUG    rasa.engine.graph  - Node 'run_LanguageModelFeaturizer4' running 'LanguageModelFeaturizer.process'.
2025-05-18 19:14:07 DEBUG    rasa.engine.graph  - Node 'run_DIETClassifier5' running 'DIETClassifier.process'.
2025-05-18 19:14:07 DEBUG    rasa.engine.graph  - Node 'run_EntitySynonymMapper6' running 'EntitySynonymMapper.process'.
2025-05-18 19:14:07 DEBUG    rasa.engine.graph  - Node 'run_ResponseSelector7' running 'ResponseSelector.process'.
2025-05-18 19:14:07 DEBUG    rasa.nlu.classifiers.diet_classifier  - There is no trained model for 'ResponseSelector': The component is either not trained or didn't receive enough training data.
2025-05-18 19:14:07 DEBUG    rasa.nlu.selectors.response_selector  - Adding following selector key to message property: default
2025-05-18 19:14:07 DEBUG    rasa.engine.graph  - Node 'domain_provider' running 'DomainProvider.provide_inference'.
2025-05-18 19:14:07 DEBUG    rasa.engine.graph  - Node 'run_RegexMessageHandler' running 'RegexMessageHandler.process'.
2025-05-18 19:14:07 DEBUG    rasa.core.processor  - [debug    ] processor.message.parse        parse_data_entities=[] parse_data_intent={'name': 'greet', 'confidence': 0.29548269510269165} parse_data_text=Расскажите об архитектуре ПО
2025-05-18 19:14:07 DEBUG    rasa.core.processor  - Logged UserUtterance - tracker now has 19 events.
2025-05-18 19:14:07 DEBUG    rasa.core.actions.action  - Validating extracted slots:
2025-05-18 19:14:07 DEBUG    rasa.core.processor  - [debug    ] processor.extract.slots        action_extract_slot=action_extract_slots len_extraction_events=0 rasa_events=[]
2025-05-18 19:14:07 DEBUG    rasa.engine.runner.dask  - Running graph with inputs: {'__tracker__': <rasa.shared.core.trackers.DialogueStateTracker object at 0x34a9ebcd0>}, targets: ['select_prediction'] and ExecutionContext(model_id='73fc9d5b222b48519b2225a5f0ed9255', should_add_diagnostic_data=False, is_finetuning=False, node_name=None).
2025-05-18 19:14:07 DEBUG    rasa.engine.graph  - Node 'rule_only_data_provider' running 'RuleOnlyDataProvider.provide'.
2025-05-18 19:14:07 DEBUG    rasa.engine.graph  - Node 'domain_provider' running 'DomainProvider.provide_inference'.
2025-05-18 19:14:07 DEBUG    rasa.engine.graph  - Node 'run_MemoizationPolicy0' running 'MemoizationPolicy.predict_action_probabilities'.
2025-05-18 19:14:07 DEBUG    rasa.core.policies.memoization  - [debug    ] memoization.predict.actions    tracker_states=[{'user': {'intent': 'greet'}, 'prev_action': {'action_name': 'utter_greet'}}, {'user': {'intent': 'greet'}, 'prev_action': {'action_name': 'action_listen'}}]
2025-05-18 19:14:07 DEBUG    rasa.core.policies.memoization  - There is no memorised next action
2025-05-18 19:14:07 DEBUG    rasa.engine.graph  - Node 'run_RulePolicy1' running 'RulePolicy.predict_action_probabilities'.
2025-05-18 19:14:07 DEBUG    rasa.core.policies.rule_policy  - [debug    ] rule_policy.actions.find       current_states=
[state 1] user intent: greet | previous action name: action_listen
[state 2] user intent: greet | previous action name: utter_greet
[state 3] user intent: greet | previous action name: action_listen
[state 4] user intent: greet | previous action name: utter_greet
[state 5] user intent: greet | previous action name: action_listen
[state 6] user intent: greet | previous action name: utter_greet
[state 7] user text: Расскажите об архитектуре ПО | previous action name: action_listen
2025-05-18 19:14:07 DEBUG    rasa.core.policies.rule_policy  - There is no applicable rule.
2025-05-18 19:14:07 DEBUG    rasa.core.policies.rule_policy  - [debug    ] rule_policy.actions.find       current_states=
[state 1] user intent: greet | previous action name: action_listen
[state 2] user intent: greet | previous action name: utter_greet
[state 3] user intent: greet | previous action name: action_listen
[state 4] user intent: greet | previous action name: utter_greet
[state 5] user intent: greet | previous action name: action_listen
[state 6] user intent: greet | previous action name: utter_greet
[state 7] user intent: greet | previous action name: action_listen
2025-05-18 19:14:07 DEBUG    rasa.core.policies.rule_policy  - There is a rule for the next action 'utter_greet'.
2025-05-18 19:14:07 DEBUG    rasa.engine.graph  - Node 'run_TEDPolicy2' running 'TEDPolicy.predict_action_probabilities'.
2025-05-18 19:14:07 DEBUG    rasa.core.policies.ted_policy  - TED predicted 'action_back' based on user intent.
2025-05-18 19:14:07 DEBUG    rasa.engine.graph  - Node 'select_prediction' running 'DefaultPolicyPredictionEnsemble.combine_predictions_from_kwargs'.
2025-05-18 19:14:07 DEBUG    rasa.core.policies.ensemble  - Made prediction using user intent.
2025-05-18 19:14:07 DEBUG    rasa.core.policies.ensemble  - Added `DefinePrevUserUtteredFeaturization(False)` event.
2025-05-18 19:14:07 DEBUG    rasa.core.policies.ensemble  - Predicted next action using RulePolicy.
2025-05-18 19:14:07 DEBUG    rasa.core.processor  - Predicted next action 'utter_greet' with confidence 1.00.
2025-05-18 19:14:07 DEBUG    rasa.core.processor  - [debug    ] processor.actions.policy_prediction prediction_events=[<rasa.shared.core.events.DefinePrevUserUtteredFeaturization object at 0x359864370>]
2025-05-18 19:14:07 DEBUG    rasa.core.processor  - [debug    ] processor.actions.log          action_name=utter_greet rasa_events=[BotUttered('Привет! Чем могу помочь в области архитектуры программного обеспечения?', {"elements": null, "quick_replies": null, "buttons": null, "attachment": null, "image": null, "custom": null}, {"utter_action": "utter_greet"}, 1747584847.940115)]
2025-05-18 19:14:07 DEBUG    rasa.engine.runner.dask  - Running graph with inputs: {'__tracker__': <rasa.shared.core.trackers.DialogueStateTracker object at 0x34a9ebcd0>}, targets: ['select_prediction'] and ExecutionContext(model_id='73fc9d5b222b48519b2225a5f0ed9255', should_add_diagnostic_data=False, is_finetuning=False, node_name=None).
2025-05-18 19:14:07 DEBUG    rasa.engine.graph  - Node 'rule_only_data_provider' running 'RuleOnlyDataProvider.provide'.
2025-05-18 19:14:07 DEBUG    rasa.engine.graph  - Node 'domain_provider' running 'DomainProvider.provide_inference'.
2025-05-18 19:14:07 DEBUG    rasa.engine.graph  - Node 'run_MemoizationPolicy0' running 'MemoizationPolicy.predict_action_probabilities'.
2025-05-18 19:14:07 DEBUG    rasa.core.policies.memoization  - [debug    ] memoization.predict.actions    tracker_states=[{'user': {'intent': 'greet'}, 'prev_action': {'action_name': 'action_listen'}}, {'user': {'intent': 'greet'}, 'prev_action': {'action_name': 'utter_greet'}}]
2025-05-18 19:14:07 DEBUG    rasa.core.policies.memoization  - There is a memorised next action 'action_listen'
2025-05-18 19:14:07 DEBUG    rasa.engine.graph  - Node 'run_RulePolicy1' running 'RulePolicy.predict_action_probabilities'.
2025-05-18 19:14:07 DEBUG    rasa.core.policies.rule_policy  - [debug    ] rule_policy.actions.find       current_states=
[state 1] user intent: greet | previous action name: action_listen
[state 2] user intent: greet | previous action name: utter_greet
[state 3] user intent: greet | previous action name: action_listen
[state 4] user intent: greet | previous action name: utter_greet
[state 5] user intent: greet | previous action name: action_listen
[state 6] user intent: greet | previous action name: utter_greet
[state 7] user intent: greet | previous action name: action_listen
[state 8] user intent: greet | previous action name: utter_greet
2025-05-18 19:14:07 DEBUG    rasa.core.policies.rule_policy  - There is a rule for the next action 'action_listen'.
2025-05-18 19:14:07 DEBUG    rasa.engine.graph  - Node 'run_TEDPolicy2' running 'TEDPolicy.predict_action_probabilities'.
2025-05-18 19:14:07 DEBUG    rasa.core.policies.ted_policy  - TED predicted 'utter_architecture_response' based on user intent.
2025-05-18 19:14:07 DEBUG    rasa.engine.graph  - Node 'select_prediction' running 'DefaultPolicyPredictionEnsemble.combine_predictions_from_kwargs'.
2025-05-18 19:14:07 DEBUG    rasa.core.policies.ensemble  - Predicted next action using RulePolicy.
2025-05-18 19:14:07 DEBUG    rasa.core.processor  - Predicted next action 'action_listen' with confidence 1.00.
2025-05-18 19:14:07 DEBUG    rasa.core.processor  - [debug    ] processor.actions.policy_prediction prediction_events=[]
2025-05-18 19:14:07 DEBUG    rasa.core.processor  - [debug    ] processor.actions.log          action_name=action_listen rasa_events=[]
2025-05-18 19:14:07 DEBUG    rasa.core.tracker_store  - No event broker configured. Skipping streaming events.
2025-05-18 19:14:07 DEBUG    rasa.core.lock_store  - Deleted lock for conversation 'PractikumStudent'.
[2025-05-18 19:14:36 +0300] [47767] [ERROR] <Request: OPTIONS /webhooks/rest/webhook> body not consumed.
2025-05-18 19:14:36 DEBUG    rasa.core.lock_store  - Issuing ticket for conversation 'PractikumStudent'.
2025-05-18 19:14:36 DEBUG    rasa.core.lock_store  - Acquiring lock for conversation 'PractikumStudent'.
2025-05-18 19:14:36 DEBUG    rasa.core.lock_store  - Acquired lock for conversation 'PractikumStudent'.
2025-05-18 19:14:36 DEBUG    rasa.core.tracker_store  - Recreating tracker for id 'PractikumStudent'
2025-05-18 19:14:36 DEBUG    rasa.engine.runner.dask  - Running graph with inputs: {'__message__': [<rasa.core.channels.channel.UserMessage object at 0x358bf7fd0>], '__tracker__': <rasa.shared.core.trackers.DialogueStateTracker object at 0x34a9ebcd0>}, targets: ['run_RegexMessageHandler'] and ExecutionContext(model_id='73fc9d5b222b48519b2225a5f0ed9255', should_add_diagnostic_data=False, is_finetuning=False, node_name=None).
2025-05-18 19:14:36 DEBUG    rasa.engine.graph  - Node 'nlu_message_converter' running 'NLUMessageConverter.convert_user_message'.
2025-05-18 19:14:36 DEBUG    rasa.engine.graph  - Node 'run_WhitespaceTokenizer0' running 'WhitespaceTokenizer.process'.
2025-05-18 19:14:36 DEBUG    rasa.engine.graph  - Node 'run_RegexFeaturizer1' running 'RegexFeaturizer.process'.
2025-05-18 19:14:36 DEBUG    rasa.engine.graph  - Node 'run_LexicalSyntacticFeaturizer2' running 'LexicalSyntacticFeaturizer.process'.
2025-05-18 19:14:36 DEBUG    rasa.engine.graph  - Node 'run_CountVectorsFeaturizer3' running 'CountVectorsFeaturizer.process'.
2025-05-18 19:14:36 DEBUG    rasa.engine.graph  - Node 'run_LanguageModelFeaturizer4' running 'LanguageModelFeaturizer.process'.
2025-05-18 19:14:37 DEBUG    rasa.engine.graph  - Node 'run_DIETClassifier5' running 'DIETClassifier.process'.
2025-05-18 19:14:37 DEBUG    rasa.engine.graph  - Node 'run_EntitySynonymMapper6' running 'EntitySynonymMapper.process'.
2025-05-18 19:14:37 DEBUG    rasa.engine.graph  - Node 'run_ResponseSelector7' running 'ResponseSelector.process'.
2025-05-18 19:14:37 DEBUG    rasa.nlu.classifiers.diet_classifier  - There is no trained model for 'ResponseSelector': The component is either not trained or didn't receive enough training data.
2025-05-18 19:14:37 DEBUG    rasa.nlu.selectors.response_selector  - Adding following selector key to message property: default
2025-05-18 19:14:37 DEBUG    rasa.engine.graph  - Node 'domain_provider' running 'DomainProvider.provide_inference'.
2025-05-18 19:14:37 DEBUG    rasa.engine.graph  - Node 'run_RegexMessageHandler' running 'RegexMessageHandler.process'.
2025-05-18 19:14:37 DEBUG    rasa.core.processor  - [debug    ] processor.message.parse        parse_data_entities=[] parse_data_intent={'name': 'request_info', 'confidence': 0.28145426511764526} parse_data_text=Как выбрать архитектуру ПО?
/Users/tashi/Develop/study/architect/architecture-sprint-5/rasa_env/lib/python3.9/site-packages/rasa/shared/utils/io.py:100: UserWarning: Parsed an intent 'request_info' which is not defined in the domain. Please make sure all intents are listed in the domain.
  More info at https://rasa.com/docs/rasa/domain
2025-05-18 19:14:37 DEBUG    rasa.core.processor  - Logged UserUtterance - tracker now has 24 events.
2025-05-18 19:14:37 DEBUG    rasa.core.actions.action  - Validating extracted slots:
2025-05-18 19:14:37 DEBUG    rasa.core.processor  - [debug    ] processor.extract.slots        action_extract_slot=action_extract_slots len_extraction_events=0 rasa_events=[]
2025-05-18 19:14:37 DEBUG    rasa.engine.runner.dask  - Running graph with inputs: {'__tracker__': <rasa.shared.core.trackers.DialogueStateTracker object at 0x34a9ebcd0>}, targets: ['select_prediction'] and ExecutionContext(model_id='73fc9d5b222b48519b2225a5f0ed9255', should_add_diagnostic_data=False, is_finetuning=False, node_name=None).
2025-05-18 19:14:37 DEBUG    rasa.engine.graph  - Node 'rule_only_data_provider' running 'RuleOnlyDataProvider.provide'.
2025-05-18 19:14:37 DEBUG    rasa.engine.graph  - Node 'domain_provider' running 'DomainProvider.provide_inference'.
2025-05-18 19:14:37 DEBUG    rasa.engine.graph  - Node 'run_MemoizationPolicy0' running 'MemoizationPolicy.predict_action_probabilities'.
2025-05-18 19:14:37 DEBUG    rasa.core.policies.memoization  - [debug    ] memoization.predict.actions    tracker_states=[{'user': {'intent': 'greet'}, 'prev_action': {'action_name': 'utter_greet'}}, {'user': {'intent': 'request_info'}, 'prev_action': {'action_name': 'action_listen'}}]
2025-05-18 19:14:37 DEBUG    rasa.core.policies.memoization  - There is no memorised next action
2025-05-18 19:14:37 DEBUG    rasa.engine.graph  - Node 'run_RulePolicy1' running 'RulePolicy.predict_action_probabilities'.
2025-05-18 19:14:37 DEBUG    rasa.core.policies.rule_policy  - [debug    ] rule_policy.actions.find       current_states=
[state 1] user intent: greet | previous action name: action_listen
[state 2] user intent: greet | previous action name: utter_greet
[state 3] user intent: greet | previous action name: action_listen
[state 4] user intent: greet | previous action name: utter_greet
[state 5] user intent: greet | previous action name: action_listen
[state 6] user intent: greet | previous action name: utter_greet
[state 7] user intent: greet | previous action name: action_listen
[state 8] user intent: greet | previous action name: utter_greet
[state 9] user text: Как выбрать архитектуру ПО? | previous action name: action_listen
2025-05-18 19:14:37 DEBUG    rasa.core.policies.rule_policy  - There is no applicable rule.
2025-05-18 19:14:37 DEBUG    rasa.core.policies.rule_policy  - [debug    ] rule_policy.actions.find       current_states=
[state 1] user intent: greet | previous action name: action_listen
[state 2] user intent: greet | previous action name: utter_greet
[state 3] user intent: greet | previous action name: action_listen
[state 4] user intent: greet | previous action name: utter_greet
[state 5] user intent: greet | previous action name: action_listen
[state 6] user intent: greet | previous action name: utter_greet
[state 7] user intent: greet | previous action name: action_listen
[state 8] user intent: greet | previous action name: utter_greet
[state 9] user intent: request_info | previous action name: action_listen
2025-05-18 19:14:37 DEBUG    rasa.core.policies.rule_policy  - There is a rule for the next action 'utter_ask_more'.
2025-05-18 19:14:37 DEBUG    rasa.engine.graph  - Node 'run_TEDPolicy2' running 'TEDPolicy.predict_action_probabilities'.
2025-05-18 19:14:37 DEBUG    rasa.core.policies.ted_policy  - TED predicted 'action_back' based on user intent.
2025-05-18 19:14:37 DEBUG    rasa.engine.graph  - Node 'select_prediction' running 'DefaultPolicyPredictionEnsemble.combine_predictions_from_kwargs'.
2025-05-18 19:14:37 DEBUG    rasa.core.policies.ensemble  - Made prediction using user intent.
2025-05-18 19:14:37 DEBUG    rasa.core.policies.ensemble  - Added `DefinePrevUserUtteredFeaturization(False)` event.
2025-05-18 19:14:37 DEBUG    rasa.core.policies.ensemble  - Predicted next action using RulePolicy.
2025-05-18 19:14:37 DEBUG    rasa.core.processor  - Predicted next action 'utter_ask_more' with confidence 1.00.
2025-05-18 19:14:37 DEBUG    rasa.core.processor  - [debug    ] processor.actions.policy_prediction prediction_events=[<rasa.shared.core.events.DefinePrevUserUtteredFeaturization object at 0x358b38100>]
2025-05-18 19:14:37 DEBUG    rasa.core.processor  - [debug    ] processor.actions.log          action_name=utter_ask_more rasa_events=[BotUttered('Что именно вас интересует в архитектуре программного обеспечения?', {"elements": null, "quick_replies": null, "buttons": null, "attachment": null, "image": null, "custom": null}, {"utter_action": "utter_ask_more"}, 1747584877.1231182)]
2025-05-18 19:14:37 DEBUG    rasa.engine.runner.dask  - Running graph with inputs: {'__tracker__': <rasa.shared.core.trackers.DialogueStateTracker object at 0x34a9ebcd0>}, targets: ['select_prediction'] and ExecutionContext(model_id='73fc9d5b222b48519b2225a5f0ed9255', should_add_diagnostic_data=False, is_finetuning=False, node_name=None).
2025-05-18 19:14:37 DEBUG    rasa.engine.graph  - Node 'rule_only_data_provider' running 'RuleOnlyDataProvider.provide'.
2025-05-18 19:14:37 DEBUG    rasa.engine.graph  - Node 'domain_provider' running 'DomainProvider.provide_inference'.
2025-05-18 19:14:37 DEBUG    rasa.engine.graph  - Node 'run_MemoizationPolicy0' running 'MemoizationPolicy.predict_action_probabilities'.
2025-05-18 19:14:37 DEBUG    rasa.core.policies.memoization  - [debug    ] memoization.predict.actions    tracker_states=[{'user': {'intent': 'request_info'}, 'prev_action': {'action_name': 'action_listen'}}, {'user': {'intent': 'request_info'}, 'prev_action': {'action_name': 'utter_ask_more'}}]
2025-05-18 19:14:37 DEBUG    rasa.core.policies.memoization  - There is a memorised next action 'action_listen'
2025-05-18 19:14:37 DEBUG    rasa.engine.graph  - Node 'run_RulePolicy1' running 'RulePolicy.predict_action_probabilities'.
2025-05-18 19:14:37 DEBUG    rasa.core.policies.rule_policy  - [debug    ] rule_policy.actions.find       current_states=
[state 1] user intent: greet | previous action name: action_listen
[state 2] user intent: greet | previous action name: utter_greet
[state 3] user intent: greet | previous action name: action_listen
[state 4] user intent: greet | previous action name: utter_greet
[state 5] user intent: greet | previous action name: action_listen
[state 6] user intent: greet | previous action name: utter_greet
[state 7] user intent: greet | previous action name: action_listen
[state 8] user intent: greet | previous action name: utter_greet
[state 9] user intent: request_info | previous action name: action_listen
[state 10] user intent: request_info | previous action name: utter_ask_more
2025-05-18 19:14:37 DEBUG    rasa.core.policies.rule_policy  - There is a rule for the next action 'action_listen'.
2025-05-18 19:14:37 DEBUG    rasa.engine.graph  - Node 'run_TEDPolicy2' running 'TEDPolicy.predict_action_probabilities'.
2025-05-18 19:14:37 DEBUG    rasa.core.policies.ted_policy  - TED predicted 'utter_architecture_response' based on user intent.
2025-05-18 19:14:37 DEBUG    rasa.engine.graph  - Node 'select_prediction' running 'DefaultPolicyPredictionEnsemble.combine_predictions_from_kwargs'.
2025-05-18 19:14:37 DEBUG    rasa.core.policies.ensemble  - Predicted next action using RulePolicy.
2025-05-18 19:14:37 DEBUG    rasa.core.processor  - Predicted next action 'action_listen' with confidence 1.00.
2025-05-18 19:14:37 DEBUG    rasa.core.processor  - [debug    ] processor.actions.policy_prediction prediction_events=[]
2025-05-18 19:14:37 DEBUG    rasa.core.processor  - [debug    ] processor.actions.log          action_name=action_listen rasa_events=[]
2025-05-18 19:14:37 DEBUG    rasa.core.tracker_store  - No event broker configured. Skipping streaming events.
2025-05-18 19:14:37 DEBUG    rasa.core.lock_store  - Deleted lock for conversation 'PractikumStudent'.
[2025-05-18 19:14:47 +0300] [47767] [ERROR] <Request: OPTIONS /webhooks/rest/webhook> body not consumed.
2025-05-18 19:14:47 DEBUG    rasa.core.lock_store  - Issuing ticket for conversation 'PractikumStudent'.
2025-05-18 19:14:47 DEBUG    rasa.core.lock_store  - Acquiring lock for conversation 'PractikumStudent'.
2025-05-18 19:14:47 DEBUG    rasa.core.lock_store  - Acquired lock for conversation 'PractikumStudent'.
2025-05-18 19:14:47 DEBUG    rasa.core.tracker_store  - Recreating tracker for id 'PractikumStudent'
2025-05-18 19:14:47 DEBUG    rasa.engine.runner.dask  - Running graph with inputs: {'__message__': [<rasa.core.channels.channel.UserMessage object at 0x300996130>], '__tracker__': <rasa.shared.core.trackers.DialogueStateTracker object at 0x34a9ebcd0>}, targets: ['run_RegexMessageHandler'] and ExecutionContext(model_id='73fc9d5b222b48519b2225a5f0ed9255', should_add_diagnostic_data=False, is_finetuning=False, node_name=None).
2025-05-18 19:14:47 DEBUG    rasa.engine.graph  - Node 'nlu_message_converter' running 'NLUMessageConverter.convert_user_message'.
2025-05-18 19:14:47 DEBUG    rasa.engine.graph  - Node 'run_WhitespaceTokenizer0' running 'WhitespaceTokenizer.process'.
2025-05-18 19:14:47 DEBUG    rasa.engine.graph  - Node 'run_RegexFeaturizer1' running 'RegexFeaturizer.process'.
2025-05-18 19:14:47 DEBUG    rasa.engine.graph  - Node 'run_LexicalSyntacticFeaturizer2' running 'LexicalSyntacticFeaturizer.process'.
2025-05-18 19:14:47 DEBUG    rasa.engine.graph  - Node 'run_CountVectorsFeaturizer3' running 'CountVectorsFeaturizer.process'.
2025-05-18 19:14:47 DEBUG    rasa.engine.graph  - Node 'run_LanguageModelFeaturizer4' running 'LanguageModelFeaturizer.process'.
2025-05-18 19:14:48 DEBUG    rasa.engine.graph  - Node 'run_DIETClassifier5' running 'DIETClassifier.process'.
2025-05-18 19:14:48 DEBUG    rasa.engine.graph  - Node 'run_EntitySynonymMapper6' running 'EntitySynonymMapper.process'.
2025-05-18 19:14:48 DEBUG    rasa.engine.graph  - Node 'run_ResponseSelector7' running 'ResponseSelector.process'.
2025-05-18 19:14:48 DEBUG    rasa.nlu.classifiers.diet_classifier  - There is no trained model for 'ResponseSelector': The component is either not trained or didn't receive enough training data.
2025-05-18 19:14:48 DEBUG    rasa.nlu.selectors.response_selector  - Adding following selector key to message property: default
2025-05-18 19:14:48 DEBUG    rasa.engine.graph  - Node 'domain_provider' running 'DomainProvider.provide_inference'.
2025-05-18 19:14:48 DEBUG    rasa.engine.graph  - Node 'run_RegexMessageHandler' running 'RegexMessageHandler.process'.
2025-05-18 19:14:48 DEBUG    rasa.core.processor  - [debug    ] processor.message.parse        parse_data_entities=[] parse_data_intent={'name': 'request_info', 'confidence': 0.28387007117271423} parse_data_text=Что такое микросервисная архитектура?
2025-05-18 19:14:48 DEBUG    rasa.core.processor  - Logged UserUtterance - tracker now has 29 events.
2025-05-18 19:14:48 DEBUG    rasa.core.actions.action  - Validating extracted slots:
2025-05-18 19:14:48 DEBUG    rasa.core.processor  - [debug    ] processor.extract.slots        action_extract_slot=action_extract_slots len_extraction_events=0 rasa_events=[]
2025-05-18 19:14:48 DEBUG    rasa.engine.runner.dask  - Running graph with inputs: {'__tracker__': <rasa.shared.core.trackers.DialogueStateTracker object at 0x34a9ebcd0>}, targets: ['select_prediction'] and ExecutionContext(model_id='73fc9d5b222b48519b2225a5f0ed9255', should_add_diagnostic_data=False, is_finetuning=False, node_name=None).
2025-05-18 19:14:48 DEBUG    rasa.engine.graph  - Node 'rule_only_data_provider' running 'RuleOnlyDataProvider.provide'.
2025-05-18 19:14:48 DEBUG    rasa.engine.graph  - Node 'domain_provider' running 'DomainProvider.provide_inference'.
2025-05-18 19:14:48 DEBUG    rasa.engine.graph  - Node 'run_MemoizationPolicy0' running 'MemoizationPolicy.predict_action_probabilities'.
2025-05-18 19:14:48 DEBUG    rasa.core.policies.memoization  - [debug    ] memoization.predict.actions    tracker_states=[{'user': {'intent': 'request_info'}, 'prev_action': {'action_name': 'utter_ask_more'}}, {'user': {'intent': 'request_info'}, 'prev_action': {'action_name': 'action_listen'}}]
2025-05-18 19:14:48 DEBUG    rasa.core.policies.memoization  - There is no memorised next action
2025-05-18 19:14:48 DEBUG    rasa.engine.graph  - Node 'run_RulePolicy1' running 'RulePolicy.predict_action_probabilities'.
2025-05-18 19:14:48 DEBUG    rasa.core.policies.rule_policy  - [debug    ] rule_policy.actions.find       current_states=
[state 1] user intent: greet | previous action name: action_listen
[state 2] user intent: greet | previous action name: utter_greet
[state 3] user intent: greet | previous action name: action_listen
[state 4] user intent: greet | previous action name: utter_greet
[state 5] user intent: greet | previous action name: action_listen
[state 6] user intent: greet | previous action name: utter_greet
[state 7] user intent: greet | previous action name: action_listen
[state 8] user intent: greet | previous action name: utter_greet
[state 9] user intent: request_info | previous action name: action_listen
[state 10] user intent: request_info | previous action name: utter_ask_more
[state 11] user text: Что такое микросервисная архитектура? | previous action name: action_listen
2025-05-18 19:14:48 DEBUG    rasa.core.policies.rule_policy  - There is no applicable rule.
2025-05-18 19:14:48 DEBUG    rasa.core.policies.rule_policy  - [debug    ] rule_policy.actions.find       current_states=
[state 1] user intent: greet | previous action name: action_listen
[state 2] user intent: greet | previous action name: utter_greet
[state 3] user intent: greet | previous action name: action_listen
[state 4] user intent: greet | previous action name: utter_greet
[state 5] user intent: greet | previous action name: action_listen
[state 6] user intent: greet | previous action name: utter_greet
[state 7] user intent: greet | previous action name: action_listen
[state 8] user intent: greet | previous action name: utter_greet
[state 9] user intent: request_info | previous action name: action_listen
[state 10] user intent: request_info | previous action name: utter_ask_more
[state 11] user intent: request_info | previous action name: action_listen
2025-05-18 19:14:48 DEBUG    rasa.core.policies.rule_policy  - There is a rule for the next action 'utter_ask_more'.
2025-05-18 19:14:48 DEBUG    rasa.engine.graph  - Node 'run_TEDPolicy2' running 'TEDPolicy.predict_action_probabilities'.
2025-05-18 19:14:48 DEBUG    rasa.core.policies.ted_policy  - TED predicted 'action_back' based on user intent.
2025-05-18 19:14:48 DEBUG    rasa.engine.graph  - Node 'select_prediction' running 'DefaultPolicyPredictionEnsemble.combine_predictions_from_kwargs'.
2025-05-18 19:14:48 DEBUG    rasa.core.policies.ensemble  - Made prediction using user intent.
2025-05-18 19:14:48 DEBUG    rasa.core.policies.ensemble  - Added `DefinePrevUserUtteredFeaturization(False)` event.
2025-05-18 19:14:48 DEBUG    rasa.core.policies.ensemble  - Predicted next action using RulePolicy.
2025-05-18 19:14:48 DEBUG    rasa.core.processor  - Predicted next action 'utter_ask_more' with confidence 1.00.
2025-05-18 19:14:48 DEBUG    rasa.core.processor  - [debug    ] processor.actions.policy_prediction prediction_events=[<rasa.shared.core.events.DefinePrevUserUtteredFeaturization object at 0x358b387c0>]
2025-05-18 19:14:48 DEBUG    rasa.core.processor  - [debug    ] processor.actions.log          action_name=utter_ask_more rasa_events=[BotUttered('Что именно вас интересует в архитектуре программного обеспечения?', {"elements": null, "quick_replies": null, "buttons": null, "attachment": null, "image": null, "custom": null}, {"utter_action": "utter_ask_more"}, 1747584888.107622)]
2025-05-18 19:14:48 DEBUG    rasa.engine.runner.dask  - Running graph with inputs: {'__tracker__': <rasa.shared.core.trackers.DialogueStateTracker object at 0x34a9ebcd0>}, targets: ['select_prediction'] and ExecutionContext(model_id='73fc9d5b222b48519b2225a5f0ed9255', should_add_diagnostic_data=False, is_finetuning=False, node_name=None).
2025-05-18 19:14:48 DEBUG    rasa.engine.graph  - Node 'rule_only_data_provider' running 'RuleOnlyDataProvider.provide'.
2025-05-18 19:14:48 DEBUG    rasa.engine.graph  - Node 'domain_provider' running 'DomainProvider.provide_inference'.
2025-05-18 19:14:48 DEBUG    rasa.engine.graph  - Node 'run_MemoizationPolicy0' running 'MemoizationPolicy.predict_action_probabilities'.
2025-05-18 19:14:48 DEBUG    rasa.core.policies.memoization  - [debug    ] memoization.predict.actions    tracker_states=[{'user': {'intent': 'request_info'}, 'prev_action': {'action_name': 'action_listen'}}, {'user': {'intent': 'request_info'}, 'prev_action': {'action_name': 'utter_ask_more'}}]
2025-05-18 19:14:48 DEBUG    rasa.core.policies.memoization  - There is a memorised next action 'action_listen'
2025-05-18 19:14:48 DEBUG    rasa.engine.graph  - Node 'run_RulePolicy1' running 'RulePolicy.predict_action_probabilities'.
2025-05-18 19:14:48 DEBUG    rasa.core.policies.rule_policy  - [debug    ] rule_policy.actions.find       current_states=
[state 1] user intent: greet | previous action name: action_listen
[state 2] user intent: greet | previous action name: utter_greet
[state 3] user intent: greet | previous action name: action_listen
[state 4] user intent: greet | previous action name: utter_greet
[state 5] user intent: greet | previous action name: action_listen
[state 6] user intent: greet | previous action name: utter_greet
[state 7] user intent: greet | previous action name: action_listen
[state 8] user intent: greet | previous action name: utter_greet
[state 9] user intent: request_info | previous action name: action_listen
[state 10] user intent: request_info | previous action name: utter_ask_more
[state 11] user intent: request_info | previous action name: action_listen
[state 12] user intent: request_info | previous action name: utter_ask_more
2025-05-18 19:14:48 DEBUG    rasa.core.policies.rule_policy  - There is a rule for the next action 'action_listen'.
2025-05-18 19:14:48 DEBUG    rasa.engine.graph  - Node 'run_TEDPolicy2' running 'TEDPolicy.predict_action_probabilities'.
2025-05-18 19:14:48 DEBUG    rasa.core.policies.ted_policy  - TED predicted 'utter_architecture_response' based on user intent.
2025-05-18 19:14:48 DEBUG    rasa.engine.graph  - Node 'select_prediction' running 'DefaultPolicyPredictionEnsemble.combine_predictions_from_kwargs'.
2025-05-18 19:14:48 DEBUG    rasa.core.policies.ensemble  - Predicted next action using RulePolicy.
2025-05-18 19:14:48 DEBUG    rasa.core.processor  - Predicted next action 'action_listen' with confidence 1.00.
2025-05-18 19:14:48 DEBUG    rasa.core.processor  - [debug    ] processor.actions.policy_prediction prediction_events=[]
2025-05-18 19:14:48 DEBUG    rasa.core.processor  - [debug    ] processor.actions.log          action_name=action_listen rasa_events=[]
2025-05-18 19:14:48 DEBUG    rasa.core.tracker_store  - No event broker configured. Skipping streaming events.
2025-05-18 19:14:48 DEBUG    rasa.core.lock_store  - Deleted lock for conversation 'PractikumStudent'.
